<?xml version="1.0" encoding="UTF-8"?>
<!-- Generated by org.testng.reporters.JUnitReportReporter -->
<testsuite skipped="0" hostname="LAPTOP-02EF66VJ" name="testScripts.ProductStore" tests="6" failures="0" timestamp="2023-03-16T06:04:49 IST" time="28.227" errors="0">
  <testcase name="Login" time="3.669" classname="testScripts.ProductStore"/>
  <system-out/>
  <testcase name="addItem" time="5.433" classname="testScripts.ProductStore"/>
  <system-out/>
  <testcase name="addItem" time="3.655" classname="testScripts.ProductStore"/>
  <system-out/>
  <testcase name="addItem" time="5.874" classname="testScripts.ProductStore"/>
  <system-out/>
  <testcase name="deleteItemcart" time="5.213" classname="testScripts.ProductStore"/>
  <system-out/>
  <testcase name="placeOrder" time="4.383" classname="testScripts.ProductStore"/>
  <system-out/>
</testsuite> <!-- testScripts.ProductStore -->
