<?xml version="1.0" encoding="UTF-8"?>
<!-- Generated by org.testng.reporters.JUnitReportReporter -->
<testsuite skipped="0" hostname="LAPTOP-02EF66VJ" name="testScripts.ProductStore" tests="6" failures="0" timestamp="2023-03-16T19:27:08 IST" time="27.178" errors="0">
  <testcase name="login" time="3.249" classname="testScripts.ProductStore"/>
  <system-out/>
  <testcase name="addItem" time="5.689" classname="testScripts.ProductStore"/>
  <system-out/>
  <testcase name="addItem" time="4.039" classname="testScripts.ProductStore"/>
  <system-out/>
  <testcase name="addItem" time="4.772" classname="testScripts.ProductStore"/>
  <system-out/>
  <testcase name="deleteItemcart" time="5.246" classname="testScripts.ProductStore"/>
  <system-out/>
  <testcase name="placeOrder" time="4.183" classname="testScripts.ProductStore"/>
  <system-out/>
</testsuite> <!-- testScripts.ProductStore -->
