<?xml version="1.0" encoding="UTF-8"?>
<!-- Generated by org.testng.reporters.JUnitReportReporter -->
<testsuite skipped="0" hostname="LAPTOP-02EF66VJ" name="testScripts.ProductStore" tests="6" failures="0" timestamp="2023-03-16T18:58:27 IST" time="27.090" errors="0">
  <testcase name="login" time="3.429" classname="testScripts.ProductStore"/>
  <system-out/>
  <testcase name="addItem" time="4.676" classname="testScripts.ProductStore"/>
  <system-out/>
  <testcase name="addItem" time="5.430" classname="testScripts.ProductStore"/>
  <system-out/>
  <testcase name="addItem" time="3.983" classname="testScripts.ProductStore"/>
  <system-out/>
  <testcase name="deleteItemcart" time="5.198" classname="testScripts.ProductStore"/>
  <system-out/>
  <testcase name="placeOrder" time="4.374" classname="testScripts.ProductStore"/>
  <system-out/>
</testsuite> <!-- testScripts.ProductStore -->
